[2018-01-18 04:17:24] local.ERROR: Method Illuminate\View\View::__toString() must not throw an exception, caught ErrorException: Parse error: syntax error, unexpected 'endif' (T_ENDIF) (View: C:\development\frb\portal\resources\views\labels\templates\sticky.blade.php) {"exception":"[object] (Symfony\\Component\\Debug\\Exception\\FatalErrorException(code: 1): Method Illuminate\\View\\View::__toString() must not throw an exception, caught ErrorException: Parse error: syntax error, unexpected 'endif' (T_ENDIF) (View: C:\\development\\frb\\portal\esources\\views\\labels\\templates\\sticky.blade.php) at C:\\development\\frb\\portal\\app\\Jobs\\processStickyLabels.php:0)
[stacktrace]
#0 C:\\development\\frb\\portal\\vendor\\laravel\\framework\\src\\Illuminate\\Foundation\\Bootstrap\\HandleExceptions.php(137): Symfony\\Component\\Debug\\Exception\\FatalErrorException->__construct()
#1 C:\\development\\frb\\portal\\vendor\\laravel\\framework\\src\\Illuminate\\Foundation\\Bootstrap\\HandleExceptions.php(123): Illuminate\\Foundation\\Bootstrap\\HandleExceptions->fatalExceptionFromError()
#2 C:\\development\\frb\\portal\\vendor\\laravel\\framework\\src\\Illuminate\\Foundation\\Bootstrap\\HandleExceptions.php(0): Illuminate\\Foundation\\Bootstrap\\HandleExceptions->handleShutdown()
#3 C:\\development\\frb\\portal\\vendor\\laravel\\framework\\src\\Illuminate\\Container\\BoundMethod.php(29): App\\Jobs\\processStickyLabels->handle()
#4 C:\\development\\frb\\portal\\vendor\\laravel\\framework\\src\\Illuminate\\Container\\BoundMethod.php(29): call_user_func_array:{C:\\development\\frb\\portal\\vendor\\laravel\\framework\\src\\Illuminate\\Container\\BoundMethod.php:29}()
#5 C:\\development\\frb\\portal\\vendor\\laravel\\framework\\src\\Illuminate\\Container\\BoundMethod.php(87): Illuminate\\Container\\BoundMethod::Illuminate\\Container\\{closure}()
#6 C:\\development\\frb\\portal\\vendor\\laravel\\framework\\src\\Illuminate\\Container\\BoundMethod.php(31): Illuminate\\Container\\BoundMethod::callBoundMethod()
#7 C:\\development\\frb\\portal\\vendor\\laravel\\framework\\src\\Illuminate\\Container\\Container.php(549): Illuminate\\Container\\BoundMethod::call()
#8 C:\\development\\frb\\portal\\vendor\\laravel\\framework\\src\\Illuminate\\Bus\\Dispatcher.php(94): Illuminate\\Foundation\\Application->call()
#9 C:\\development\\frb\\portal\\vendor\\laravel\\framework\\src\\Illuminate\\Pipeline\\Pipeline.php(114): Illuminate\\Bus\\Dispatcher->Illuminate\\Bus\\{closure}()
#10 C:\\development\\frb\\portal\\vendor\\laravel\\framework\\src\\Illuminate\\Pipeline\\Pipeline.php(102): Illuminate\\Pipeline\\Pipeline->Illuminate\\Pipeline\\{closure}()
#11 C:\\development\\frb\\portal\\vendor\\laravel\\framework\\src\\Illuminate\\Bus\\Dispatcher.php(98): Illuminate\\Pipeline\\Pipeline->then()
#12 C:\\development\\frb\\portal\\vendor\\laravel\\framework\\src\\Illuminate\\Queue\\CallQueuedHandler.php(49): Illuminate\\Bus\\Dispatcher->dispatchNow()
#13 C:\\development\\frb\\portal\\vendor\\laravel\\framework\\src\\Illuminate\\Queue\\Jobs\\Job.php(76): Illuminate\\Queue\\CallQueuedHandler->call()
#14 C:\\development\\frb\\portal\\vendor\\laravel\\framework\\src\\Illuminate\\Queue\\SyncQueue.php(42): Illuminate\\Queue\\Jobs\\SyncJob->fire()
#15 C:\\development\\frb\\portal\\vendor\\laravel\\framework\\src\\Illuminate\\Bus\\Dispatcher.php(184): Illuminate\\Queue\\SyncQueue->push()
#16 C:\\development\\frb\\portal\\vendor\\laravel\\framework\\src\\Illuminate\\Bus\\Dispatcher.php(159): Illuminate\\Bus\\Dispatcher->pushCommandToQueue()
#17 C:\\development\\frb\\portal\\vendor\\laravel\\framework\\src\\Illuminate\\Bus\\Dispatcher.php(73): Illuminate\\Bus\\Dispatcher->dispatchToQueue()
#18 C:\\development\\frb\\portal\\vendor\\laravel\\framework\\src\\Illuminate\\Foundation\\Bus\\PendingDispatch.php(86): Illuminate\\Bus\\Dispatcher->dispatch()
#19 C:\\development\\frb\\portal\\vendor\\laravel\\framework\\src\\Illuminate\\Foundation\\Bus\\Dispatchable.php(14): Illuminate\\Foundation\\Bus\\PendingDispatch->__destruct()
#20 C:\\development\\frb\\portal\\app\\Http\\Controllers\\LabelController.php(61): App\\Jobs\\processStickyLabels::dispatch()
#21 C:\\development\\frb\\portal\\vendor\\laravel\\framework\\src\\Illuminate\\Routing\\Controller.php(54): App\\Http\\Controllers\\LabelController->createticket()
#22 C:\\development\\frb\\portal\\vendor\\laravel\\framework\\src\\Illuminate\\Routing\\Controller.php(54): call_user_func_array:{C:\\development\\frb\\portal\\vendor\\laravel\\framework\\src\\Illuminate\\Routing\\Controller.php:54}()
#23 C:\\development\\frb\\portal\\vendor\\laravel\\framework\\src\\Illuminate\\Routing\\ControllerDispatcher.php(45): App\\Http\\Controllers\\LabelController->callAction()
#24 C:\\development\\frb\\portal\\vendor\\laravel\\framework\\src\\Illuminate\\Routing\\Route.php(205): Illuminate\\Routing\\ControllerDispatcher->dispatch()
#25 C:\\development\\frb\\portal\\vendor\\laravel\\framework\\src\\Illuminate\\Routing\\Route.php(162): Illuminate\\Routing\\Route->runController()
#26 C:\\development\\frb\\portal\\vendor\\laravel\\framework\\src\\Illuminate\\Routing\\Router.php(610): Illuminate\\Routing\\Route->run()
#27 C:\\development\\frb\\portal\\vendor\\laravel\\framework\\src\\Illuminate\\Routing\\Pipeline.php(30): Illuminate\\Routing\\Router->Illuminate\\Routing\\{closure}()
#28 C:\\development\\frb\\portal\\app\\Http\\Middleware\\ApiAuthenticate.php(57): Illuminate\\Routing\\Pipeline->Illuminate\\Routing\\{closure}()
#29 C:\\development\\frb\\portal\\vendor\\laravel\\framework\\src\\Illuminate\\Pipeline\\Pipeline.php(149): App\\Http\\Middleware\\ApiAuthenticate->handle()
#30 C:\\development\\frb\\portal\\vendor\\laravel\\framework\\src\\Illuminate\\Routing\\Pipeline.php(53): Illuminate\\Routing\\Pipeline->Illuminate\\Pipeline\\{closure}()
#31 C:\\development\\frb\\portal\\vendor\\laravel\\framework\\src\\Illuminate\\Routing\\Middleware\\ThrottleRequests.php(57): Illuminate\\Routing\\Pipeline->Illuminate\\Routing\\{closure}()
#32 C:\\development\\frb\\portal\\vendor\\laravel\\framework\\src\\Illuminate\\Pipeline\\Pipeline.php(149): Illuminate\\Routing\\Middleware\\ThrottleRequests->handle()
#33 C:\\development\\frb\\portal\\vendor\\laravel\\framework\\src\\Illuminate\\Routing\\Pipeline.php(53): Illuminate\\Routing\\Pipeline->Illuminate\\Pipeline\\{closure}()
#34 C:\\development\\frb\\portal\\vendor\\laravel\\framework\\src\\Illuminate\\Routing\\Middleware\\SubstituteBindings.php(41): Illuminate\\Routing\\Pipeline->Illuminate\\Routing\\{closure}()
#35 C:\\development\\frb\\portal\\vendor\\laravel\\framework\\src\\Illuminate\\Pipeline\\Pipeline.php(149): Illuminate\\Routing\\Middleware\\SubstituteBindings->handle()
#36 C:\\development\\frb\\portal\\vendor\\laravel\\framework\\src\\Illuminate\\Routing\\Pipeline.php(53): Illuminate\\Routing\\Pipeline->Illuminate\\Pipeline\\{closure}()
#37 C:\\development\\frb\\portal\\vendor\\laravel\\framework\\src\\Illuminate\\Foundation\\Http\\Middleware\\VerifyCsrfToken.php(67): Illuminate\\Routing\\Pipeline->Illuminate\\Routing\\{closure}()
#38 C:\\development\\frb\\portal\\vendor\\laravel\\framework\\src\\Illuminate\\Pipeline\\Pipeline.php(149): App\\Http\\Middleware\\VerifyCsrfToken->handle()
#39 C:\\development\\frb\\portal\\vendor\\laravel\\framework\\src\\Illuminate\\Routing\\Pipeline.php(53): Illuminate\\Routing\\Pipeline->Illuminate\\Pipeline\\{closure}()
#40 C:\\development\\frb\\portal\\vendor\\laravel\\framework\\src\\Illuminate\\View\\Middleware\\ShareErrorsFromSession.php(49): Illuminate\\Routing\\Pipeline->Illuminate\\Routing\\{closure}()
#41 C:\\development\\frb\\portal\\vendor\\laravel\\framework\\src\\Illuminate\\Pipeline\\Pipeline.php(149): Illuminate\\View\\Middleware\\ShareErrorsFromSession->handle()
#42 C:\\development\\frb\\portal\\vendor\\laravel\\framework\\src\\Illuminate\\Routing\\Pipeline.php(53): Illuminate\\Routing\\Pipeline->Illuminate\\Pipeline\\{closure}()
#43 C:\\development\\frb\\portal\\vendor\\laravel\\framework\\src\\Illuminate\\Session\\Middleware\\StartSession.php(63): Illuminate\\Routing\\Pipeline->Illuminate\\Routing\\{closure}()
#44 C:\\development\\frb\\portal\\vendor\\laravel\\framework\\src\\Illuminate\\Pipeline\\Pipeline.php(149): Illuminate\\Session\\Middleware\\StartSession->handle()
#45 C:\\development\\frb\\portal\\vendor\\laravel\\framework\\src\\Illuminate\\Routing\\Pipeline.php(53): Illuminate\\Routing\\Pipeline->Illuminate\\Pipeline\\{closure}()
#46 C:\\development\\frb\\portal\\vendor\\laravel\\framework\\src\\Illuminate\\Cookie\\Middleware\\AddQueuedCookiesToResponse.php(37): Illuminate\\Routing\\Pipeline->Illuminate\\Routing\\{closure}()
#47 C:\\development\\frb\\portal\\vendor\\laravel\\framework\\src\\Illuminate\\Pipeline\\Pipeline.php(149): Illuminate\\Cookie\\Middleware\\AddQueuedCookiesToResponse->handle()
#48 C:\\development\\frb\\portal\\vendor\\laravel\\framework\\src\\Illuminate\\Routing\\Pipeline.php(53): Illuminate\\Routing\\Pipeline->Illuminate\\Pipeline\\{closure}()
#49 C:\\development\\frb\\portal\\vendor\\laravel\\framework\\src\\Illuminate\\Cookie\\Middleware\\EncryptCookies.php(59): Illuminate\\Routing\\Pipeline->Illuminate\\Routing\\{closure}()
#50 C:\\development\\frb\\portal\\vendor\\laravel\\framework\\src\\Illuminate\\Pipeline\\Pipeline.php(149): App\\Http\\Middleware\\EncryptCookies->handle()
#51 C:\\development\\frb\\portal\\vendor\\laravel\\framework\\src\\Illuminate\\Routing\\Pipeline.php(53): Illuminate\\Routing\\Pipeline->Illuminate\\Pipeline\\{closure}()
#52 C:\\development\\frb\\portal\\vendor\\laravel\\framework\\src\\Illuminate\\Pipeline\\Pipeline.php(102): Illuminate\\Routing\\Pipeline->Illuminate\\Routing\\{closure}()
#53 C:\\development\\frb\\portal\\vendor\\laravel\\framework\\src\\Illuminate\\Routing\\Router.php(612): Illuminate\\Routing\\Pipeline->then()
#54 C:\\development\\frb\\portal\\vendor\\laravel\\framework\\src\\Illuminate\\Routing\\Router.php(571): Illuminate\\Routing\\Router->runRouteWithinStack()
#55 C:\\development\\frb\\portal\\vendor\\laravel\\framework\\src\\Illuminate\\Routing\\Router.php(549): Illuminate\\Routing\\Router->dispatchToRoute()
#56 C:\\development\\frb\\portal\\vendor\\laravel\\framework\\src\\Illuminate\\Foundation\\Http\\Kernel.php(176): Illuminate\\Routing\\Router->dispatch()
#57 C:\\development\\frb\\portal\\vendor\\laravel\\framework\\src\\Illuminate\\Routing\\Pipeline.php(30): App\\Http\\Kernel->Illuminate\\Foundation\\Http\\{closure}()
#58 C:\\development\\frb\\portal\\vendor\\fideloper\\proxy\\src\\TrustProxies.php(56): Illuminate\\Routing\\Pipeline->Illuminate\\Routing\\{closure}()
#59 C:\\development\\frb\\portal\\vendor\\laravel\\framework\\src\\Illuminate\\Pipeline\\Pipeline.php(149): App\\Http\\Middleware\\TrustProxies->handle()
#60 C:\\development\\frb\\portal\\vendor\\laravel\\framework\\src\\Illuminate\\Routing\\Pipeline.php(53): Illuminate\\Routing\\Pipeline->Illuminate\\Pipeline\\{closure}()
#61 C:\\development\\frb\\portal\\vendor\\laravel\\framework\\src\\Illuminate\\Foundation\\Http\\Middleware\\TransformsRequest.php(30): Illuminate\\Routing\\Pipeline->Illuminate\\Routing\\{closure}()
#62 C:\\development\\frb\\portal\\vendor\\laravel\\framework\\src\\Illuminate\\Pipeline\\Pipeline.php(149): Illuminate\\Foundation\\Http\\Middleware\\ConvertEmptyStringsToNull->handle()
#63 C:\\development\\frb\\portal\\vendor\\laravel\\framework\\src\\Illuminate\\Routing\\Pipeline.php(53): Illuminate\\Routing\\Pipeline->Illuminate\\Pipeline\\{closure}()
#64 C:\\development\\frb\\portal\\vendor\\laravel\\framework\\src\\Illuminate\\Foundation\\Http\\Middleware\\TransformsRequest.php(30): Illuminate\\Routing\\Pipeline->Illuminate\\Routing\\{closure}()
#65 C:\\development\\frb\\portal\\vendor\\laravel\\framework\\src\\Illuminate\\Pipeline\\Pipeline.php(149): App\\Http\\Middleware\\TrimStrings->handle()
#66 C:\\development\\frb\\portal\\vendor\\laravel\\framework\\src\\Illuminate\\Routing\\Pipeline.php(53): Illuminate\\Routing\\Pipeline->Illuminate\\Pipeline\\{closure}()
#67 C:\\development\\frb\\portal\\vendor\\laravel\\framework\\src\\Illuminate\\Foundation\\Http\\Middleware\\ValidatePostSize.php(27): Illuminate\\Routing\\Pipeline->Illuminate\\Routing\\{closure}()
#68 C:\\development\\frb\\portal\\vendor\\laravel\\framework\\src\\Illuminate\\Pipeline\\Pipeline.php(149): Illuminate\\Foundation\\Http\\Middleware\\ValidatePostSize->handle()
#69 C:\\development\\frb\\portal\\vendor\\laravel\\framework\\src\\Illuminate\\Routing\\Pipeline.php(53): Illuminate\\Routing\\Pipeline->Illuminate\\Pipeline\\{closure}()
#70 C:\\development\\frb\\portal\\vendor\\laravel\\framework\\src\\Illuminate\\Foundation\\Http\\Middleware\\CheckForMaintenanceMode.php(46): Illuminate\\Routing\\Pipeline->Illuminate\\Routing\\{closure}()
#71 C:\\development\\frb\\portal\\vendor\\laravel\\framework\\src\\Illuminate\\Pipeline\\Pipeline.php(149): Illuminate\\Foundation\\Http\\Middleware\\CheckForMaintenanceMode->handle()
#72 C:\\development\\frb\\portal\\vendor\\laravel\\framework\\src\\Illuminate\\Routing\\Pipeline.php(53): Illuminate\\Routing\\Pipeline->Illuminate\\Pipeline\\{closure}()
#73 C:\\development\\frb\\portal\\vendor\\laravel\\framework\\src\\Illuminate\\Pipeline\\Pipeline.php(102): Illuminate\\Routing\\Pipeline->Illuminate\\Routing\\{closure}()
#74 C:\\development\\frb\\portal\\vendor\\laravel\\framework\\src\\Illuminate\\Foundation\\Http\\Kernel.php(151): Illuminate\\Routing\\Pipeline->then()
#75 C:\\development\\frb\\portal\\vendor\\laravel\\framework\\src\\Illuminate\\Foundation\\Http\\Kernel.php(116): App\\Http\\Kernel->sendRequestThroughRouter()
#76 C:\\development\\frb\\portal\\public\\index.php(55): App\\Http\\Kernel->handle()
#77 C:\\development\\frb\\portal\\public\\index.php(0): {main}()
#78 {main}
"} 
